[
  {
    "line": 1,
    "elements": [
      {
        "line": 4,
        "name": "Login",
        "description": "",
        "id": "plan-test-cycle;login",
        "type": "scenario",
        "keyword": "Scenario",
        "steps": [
          {
            "result": {
              "duration": 13384561600,
              "status": "passed"
            },
            "line": 5,
            "name": "User Selects the Browser, Launches it and Maximises it",
            "match": {
              "location": "Login.user_Selects_the_Browser_Launches_it_and_Maximises_it()"
            },
            "keyword": "Given "
          },
          {
            "result": {
              "duration": 12962955400,
              "status": "passed"
            },
            "line": 6,
            "name": "User Navigates to the URL provided",
            "match": {
              "location": "Login.user_Navigates_to_the_URL_provided()"
            },
            "keyword": "When "
          },
          {
            "result": {
              "duration": 22670037400,
              "status": "passed"
            },
            "line": 7,
            "name": "User Enters Username, Password and clicks on login",
            "match": {
              "location": "Login.user_Enters_Username_Password_and_clicks_on_login()"
            },
            "keyword": "And "
          }
        ],
        "tags": [
          {
            "line": 3,
            "name": "@ptc1"
          }
        ]
      },
      {
        "line": 69,
        "name": "Verify cycle staus with FAIL status",
        "description": "",
        "id": "plan-test-cycle;verify-cycle-staus-with-pass-status",
        "type": "scenario",
        "keyword": "Scenario",
        "steps": [
          {
            "result": {
              "duration": 37333355200,
              "error_message": "Verify cycle staus with FAIL status org.openqa.selenium.NoSuchElementException: no such element: Unable to locate element: {\"method\":\"xpath\",\"selector\":\"//*[@id\u003d\u0027productLogoGlobalItem\u0027]\"}\n  (Session info: chrome\u003d81.0.4044.129)\n  (Driver info: chromedriver\u003d2.42.591088 (7b2b2dca23cca0862f674758c9a3933e685c27d5),platform\u003dWindows NT 10.0.18363 x86_64) (WARNING: The server did not provide any stacktrace information)\nCommand duration or timeout: 0 milliseconds\nFor documentation on this error, please visit: http://seleniumhq.org/exceptions/no_such_element.html\nBuild info: version: \u00273.5.3\u0027, revision: \u0027a88d25fe6b\u0027, time: \u00272017-08-29T12:42:44.417Z\u0027\nSystem info: host: \u0027SB-IN-PF146KKS\u0027, ip: \u002710.28.98.13\u0027, os.name: \u0027Windows 10\u0027, os.arch: \u0027amd64\u0027, os.version: \u002710.0\u0027, java.version: \u00271.8.0_181\u0027\nDriver info: org.openqa.selenium.chrome.ChromeDriver\nCapabilities [{mobileEmulationEnabled\u003dfalse, hasTouchScreen\u003dfalse, platform\u003dXP, acceptSslCerts\u003dfalse, goog:chromeOptions\u003d{debuggerAddress\u003dlocalhost:54180}, acceptInsecureCerts\u003dfalse, webStorageEnabled\u003dtrue, browserName\u003dchrome, takesScreenshot\u003dtrue, javascriptEnabled\u003dtrue, platformName\u003dXP, setWindowRect\u003dtrue, unexpectedAlertBehaviour\u003d, applicationCacheEnabled\u003dfalse, rotatable\u003dfalse, networkConnectionEnabled\u003dfalse, chrome\u003d{chromedriverVersion\u003d2.42.591088 (7b2b2dca23cca0862f674758c9a3933e685c27d5), userDataDir\u003dC:\\Users\\SHRUTH~1.YOG\\AppData\\Local\\Temp\\scoped_dir12840_8364}, takesHeapSnapshot\u003dtrue, unhandledPromptBehavior\u003d, pageLoadStrategy\u003dnormal, databaseEnabled\u003dfalse, handlesAlerts\u003dtrue, version\u003d81.0.4044.129, browserConnectionEnabled\u003dfalse, nativeEvents\u003dtrue, locationContextEnabled\u003dtrue, cssSelectorsEnabled\u003dtrue}]\nSession ID: e2e9b8adb4ad4b5c3ad0873db61153ed\n*** Element info: {Using\u003dxpath, value\u003d//*[@id\u003d\u0027productLogoGlobalItem\u0027]}\r\n\tat sun.reflect.NativeConstructorAccessorImpl.newInstance0(Native Method)\r\n\tat sun.reflect.NativeConstructorAccessorImpl.newInstance(NativeConstructorAccessorImpl.java:62)\r\n\tat sun.reflect.DelegatingConstructorAccessorImpl.newInstance(DelegatingConstructorAccessorImpl.java:45)\r\n\tat java.lang.reflect.Constructor.newInstance(Constructor.java:423)\r\n\tat org.openqa.selenium.remote.ErrorHandler.createThrowable(ErrorHandler.java:215)\r\n\tat org.openqa.selenium.remote.ErrorHandler.throwIfResponseFailed(ErrorHandler.java:167)\r\n\tat org.openqa.selenium.remote.http.JsonHttpResponseCodec.reconstructValue(JsonHttpResponseCodec.java:40)\r\n\tat org.openqa.selenium.remote.http.AbstractHttpResponseCodec.decode(AbstractHttpResponseCodec.java:82)\r\n\tat org.openqa.selenium.remote.http.AbstractHttpResponseCodec.decode(AbstractHttpResponseCodec.java:45)\r\n\tat org.openqa.selenium.remote.HttpCommandExecutor.execute(HttpCommandExecutor.java:164)\r\n\tat org.openqa.selenium.remote.service.DriverCommandExecutor.execute(DriverCommandExecutor.java:82)\r\n\tat org.openqa.selenium.remote.RemoteWebDriver.execute(RemoteWebDriver.java:646)\r\n\tat org.openqa.selenium.remote.RemoteWebDriver.findElement(RemoteWebDriver.java:416)\r\n\tat org.openqa.selenium.remote.RemoteWebDriver.findElementByXPath(RemoteWebDriver.java:518)\r\n\tat org.openqa.selenium.By$ByXPath.findElement(By.java:361)\r\n\tat org.openqa.selenium.remote.RemoteWebDriver.findElement(RemoteWebDriver.java:408)\r\n\tat org.openqa.selenium.support.pagefactory.DefaultElementLocator.findElement(DefaultElementLocator.java:69)\r\n\tat org.openqa.selenium.support.pagefactory.internal.LocatingElementHandler.invoke(LocatingElementHandler.java:38)\r\n\tat com.sun.proxy.$Proxy20.click(Unknown Source)\r\n\tat com.zephyr.selenium.pageobject.PlanTestCyclePage.navigateToProject(PlanTestCyclePage.java:304)\r\n\tat com.zephyr.selenium.stepdefinition.BDD_Feature.verify_cycle_status_with_pass(BDD_Feature.java:364)\r\n\tat ✽.Given verify cycle status with pass(PlanTestCycle.feature:70)\r\n",
              "status": "failed"
            },
            "line": 70,
            "name": "verify cycle status with pass",
            "match": {
              "location": "BDD_Feature.verify_cycle_status_with_pass()"
            },
            "keyword": "Given "
          }
        ],
        "tags": [
          {
            "line": 68,
            "name": "@ptc1"
          }
        ]
      },
      {
        "line": 73,
        "name": "Verify cycle staus with SKIPPED status",
        "description": "",
        "id": "plan-test-cycle;verify-cycle-staus-with-fail-status",
        "type": "scenario",
        "keyword": "Scenario",
        "steps": [
          {
            "result": {
              "duration": 37122193800,
              "error_message": "Verify cycle staus with SKIPPED status org.openqa.selenium.NoSuchElementException: no such element: Unable to locate element: {\"method\":\"xpath\",\"selector\":\"//*[@id\u003d\u0027productLogoGlobalItem\u0027]\"}\n  (Session info: chrome\u003d81.0.4044.129)\n  (Driver info: chromedriver\u003d2.42.591088 (7b2b2dca23cca0862f674758c9a3933e685c27d5),platform\u003dWindows NT 10.0.18363 x86_64) (WARNING: The server did not provide any stacktrace information)\nCommand duration or timeout: 0 milliseconds\nFor documentation on this error, please visit: http://seleniumhq.org/exceptions/no_such_element.html\nBuild info: version: \u00273.5.3\u0027, revision: \u0027a88d25fe6b\u0027, time: \u00272017-08-29T12:42:44.417Z\u0027\nSystem info: host: \u0027SB-IN-PF146KKS\u0027, ip: \u002710.28.98.13\u0027, os.name: \u0027Windows 10\u0027, os.arch: \u0027amd64\u0027, os.version: \u002710.0\u0027, java.version: \u00271.8.0_181\u0027\nDriver info: org.openqa.selenium.chrome.ChromeDriver\nCapabilities [{mobileEmulationEnabled\u003dfalse, hasTouchScreen\u003dfalse, platform\u003dXP, acceptSslCerts\u003dfalse, goog:chromeOptions\u003d{debuggerAddress\u003dlocalhost:54180}, acceptInsecureCerts\u003dfalse, webStorageEnabled\u003dtrue, browserName\u003dchrome, takesScreenshot\u003dtrue, javascriptEnabled\u003dtrue, platformName\u003dXP, setWindowRect\u003dtrue, unexpectedAlertBehaviour\u003d, applicationCacheEnabled\u003dfalse, rotatable\u003dfalse, networkConnectionEnabled\u003dfalse, chrome\u003d{chromedriverVersion\u003d2.42.591088 (7b2b2dca23cca0862f674758c9a3933e685c27d5), userDataDir\u003dC:\\Users\\SHRUTH~1.YOG\\AppData\\Local\\Temp\\scoped_dir12840_8364}, takesHeapSnapshot\u003dtrue, unhandledPromptBehavior\u003d, pageLoadStrategy\u003dnormal, databaseEnabled\u003dfalse, handlesAlerts\u003dtrue, version\u003d81.0.4044.129, browserConnectionEnabled\u003dfalse, nativeEvents\u003dtrue, locationContextEnabled\u003dtrue, cssSelectorsEnabled\u003dtrue}]\nSession ID: e2e9b8adb4ad4b5c3ad0873db61153ed\n*** Element info: {Using\u003dxpath, value\u003d//*[@id\u003d\u0027productLogoGlobalItem\u0027]}\r\n\tat sun.reflect.NativeConstructorAccessorImpl.newInstance0(Native Method)\r\n\tat sun.reflect.NativeConstructorAccessorImpl.newInstance(NativeConstructorAccessorImpl.java:62)\r\n\tat sun.reflect.DelegatingConstructorAccessorImpl.newInstance(DelegatingConstructorAccessorImpl.java:45)\r\n\tat java.lang.reflect.Constructor.newInstance(Constructor.java:423)\r\n\tat org.openqa.selenium.remote.ErrorHandler.createThrowable(ErrorHandler.java:215)\r\n\tat org.openqa.selenium.remote.ErrorHandler.throwIfResponseFailed(ErrorHandler.java:167)\r\n\tat org.openqa.selenium.remote.http.JsonHttpResponseCodec.reconstructValue(JsonHttpResponseCodec.java:40)\r\n\tat org.openqa.selenium.remote.http.AbstractHttpResponseCodec.decode(AbstractHttpResponseCodec.java:82)\r\n\tat org.openqa.selenium.remote.http.AbstractHttpResponseCodec.decode(AbstractHttpResponseCodec.java:45)\r\n\tat org.openqa.selenium.remote.HttpCommandExecutor.execute(HttpCommandExecutor.java:164)\r\n\tat org.openqa.selenium.remote.service.DriverCommandExecutor.execute(DriverCommandExecutor.java:82)\r\n\tat org.openqa.selenium.remote.RemoteWebDriver.execute(RemoteWebDriver.java:646)\r\n\tat org.openqa.selenium.remote.RemoteWebDriver.findElement(RemoteWebDriver.java:416)\r\n\tat org.openqa.selenium.remote.RemoteWebDriver.findElementByXPath(RemoteWebDriver.java:518)\r\n\tat org.openqa.selenium.By$ByXPath.findElement(By.java:361)\r\n\tat org.openqa.selenium.remote.RemoteWebDriver.findElement(RemoteWebDriver.java:408)\r\n\tat org.openqa.selenium.support.pagefactory.DefaultElementLocator.findElement(DefaultElementLocator.java:69)\r\n\tat org.openqa.selenium.support.pagefactory.internal.LocatingElementHandler.invoke(LocatingElementHandler.java:38)\r\n\tat com.sun.proxy.$Proxy20.click(Unknown Source)\r\n\tat com.zephyr.selenium.pageobject.PlanTestCyclePage.navigateToProject(PlanTestCyclePage.java:304)\r\n\tat com.zephyr.selenium.stepdefinition.BDD_Feature.verify_cycle_status_with_fail(BDD_Feature.java:389)\r\n\tat ✽.Given verify cycle status with fail(PlanTestCycle.feature:74)\r\n",
              "status": "failed"
            },
            "line": 74,
            "name": "verify cycle status with fail",
            "match": {
              "location": "BDD_Feature.verify_cycle_status_with_fail()"
            },
            "keyword": "Given "
          }
        ],
        "tags": [
          {
            "line": 72,
            "name": "@ptc1"
          }
        ]
      },
      {
        "line": 77,
        "name": "Verify cycle staus with UNDEFINED status",
        "description": "",
        "id": "plan-test-cycle;verify-cycle-staus-with-undefined-status",
        "type": "scenario",
        "keyword": "Scenario",
        "steps": [
          {
            "result": {
              "duration": 37110703400,
              "error_message": "Verify cycle staus with UNDEFINED status org.openqa.selenium.NoSuchElementException: no such element: Unable to locate element: {\"method\":\"xpath\",\"selector\":\"//*[@id\u003d\u0027productLogoGlobalItem\u0027]\"}\n  (Session info: chrome\u003d81.0.4044.129)\n  (Driver info: chromedriver\u003d2.42.591088 (7b2b2dca23cca0862f674758c9a3933e685c27d5),platform\u003dWindows NT 10.0.18363 x86_64) (WARNING: The server did not provide any stacktrace information)\nCommand duration or timeout: 0 milliseconds\nFor documentation on this error, please visit: http://seleniumhq.org/exceptions/no_such_element.html\nBuild info: version: \u00273.5.3\u0027, revision: \u0027a88d25fe6b\u0027, time: \u00272017-08-29T12:42:44.417Z\u0027\nSystem info: host: \u0027SB-IN-PF146KKS\u0027, ip: \u002710.28.98.13\u0027, os.name: \u0027Windows 10\u0027, os.arch: \u0027amd64\u0027, os.version: \u002710.0\u0027, java.version: \u00271.8.0_181\u0027\nDriver info: org.openqa.selenium.chrome.ChromeDriver\nCapabilities [{mobileEmulationEnabled\u003dfalse, hasTouchScreen\u003dfalse, platform\u003dXP, acceptSslCerts\u003dfalse, goog:chromeOptions\u003d{debuggerAddress\u003dlocalhost:54180}, acceptInsecureCerts\u003dfalse, webStorageEnabled\u003dtrue, browserName\u003dchrome, takesScreenshot\u003dtrue, javascriptEnabled\u003dtrue, platformName\u003dXP, setWindowRect\u003dtrue, unexpectedAlertBehaviour\u003d, applicationCacheEnabled\u003dfalse, rotatable\u003dfalse, networkConnectionEnabled\u003dfalse, chrome\u003d{chromedriverVersion\u003d2.42.591088 (7b2b2dca23cca0862f674758c9a3933e685c27d5), userDataDir\u003dC:\\Users\\SHRUTH~1.YOG\\AppData\\Local\\Temp\\scoped_dir12840_8364}, takesHeapSnapshot\u003dtrue, unhandledPromptBehavior\u003d, pageLoadStrategy\u003dnormal, databaseEnabled\u003dfalse, handlesAlerts\u003dtrue, version\u003d81.0.4044.129, browserConnectionEnabled\u003dfalse, nativeEvents\u003dtrue, locationContextEnabled\u003dtrue, cssSelectorsEnabled\u003dtrue}]\nSession ID: e2e9b8adb4ad4b5c3ad0873db61153ed\n*** Element info: {Using\u003dxpath, value\u003d//*[@id\u003d\u0027productLogoGlobalItem\u0027]}\r\n\tat sun.reflect.NativeConstructorAccessorImpl.newInstance0(Native Method)\r\n\tat sun.reflect.NativeConstructorAccessorImpl.newInstance(NativeConstructorAccessorImpl.java:62)\r\n\tat sun.reflect.DelegatingConstructorAccessorImpl.newInstance(DelegatingConstructorAccessorImpl.java:45)\r\n\tat java.lang.reflect.Constructor.newInstance(Constructor.java:423)\r\n\tat org.openqa.selenium.remote.ErrorHandler.createThrowable(ErrorHandler.java:215)\r\n\tat org.openqa.selenium.remote.ErrorHandler.throwIfResponseFailed(ErrorHandler.java:167)\r\n\tat org.openqa.selenium.remote.http.JsonHttpResponseCodec.reconstructValue(JsonHttpResponseCodec.java:40)\r\n\tat org.openqa.selenium.remote.http.AbstractHttpResponseCodec.decode(AbstractHttpResponseCodec.java:82)\r\n\tat org.openqa.selenium.remote.http.AbstractHttpResponseCodec.decode(AbstractHttpResponseCodec.java:45)\r\n\tat org.openqa.selenium.remote.HttpCommandExecutor.execute(HttpCommandExecutor.java:164)\r\n\tat org.openqa.selenium.remote.service.DriverCommandExecutor.execute(DriverCommandExecutor.java:82)\r\n\tat org.openqa.selenium.remote.RemoteWebDriver.execute(RemoteWebDriver.java:646)\r\n\tat org.openqa.selenium.remote.RemoteWebDriver.findElement(RemoteWebDriver.java:416)\r\n\tat org.openqa.selenium.remote.RemoteWebDriver.findElementByXPath(RemoteWebDriver.java:518)\r\n\tat org.openqa.selenium.By$ByXPath.findElement(By.java:361)\r\n\tat org.openqa.selenium.remote.RemoteWebDriver.findElement(RemoteWebDriver.java:408)\r\n\tat org.openqa.selenium.support.pagefactory.DefaultElementLocator.findElement(DefaultElementLocator.java:69)\r\n\tat org.openqa.selenium.support.pagefactory.internal.LocatingElementHandler.invoke(LocatingElementHandler.java:38)\r\n\tat com.sun.proxy.$Proxy20.click(Unknown Source)\r\n\tat com.zephyr.selenium.pageobject.PlanTestCyclePage.navigateToProject(PlanTestCyclePage.java:304)\r\n\tat com.zephyr.selenium.stepdefinition.BDD_Feature.verify_cycle_status_with_undefined(BDD_Feature.java:412)\r\n\tat ✽.Given verify cycle status with undefined(PlanTestCycle.feature:78)\r\n",
              "status": "failed"
            },
            "line": 78,
            "name": "verify cycle status with undefined",
            "match": {
              "location": "BDD_Feature.verify_cycle_status_with_undefined()"
            },
            "keyword": "Given "
          }
        ],
        "tags": [
          {
            "line": 76,
            "name": "@ptc1"
          }
        ]
      }
    ],
    "name": "Plan Test Cycle",
    "description": "",
    "id": "plan-test-cycle",
    "keyword": "Feature",
    "uri": "PlanTestCycle.feature"
  }
]
