<?xml version="1.0" encoding="UTF-8"?>
<testsuites name="Mocha Tests" time="2.2380" tests="1" failures="0">
  <testsuite name="Root Suite" timestamp="2022-03-27T03:00:20" tests="0" file="cypress/integration/Tasks/Tasks.feature" time="0.0000" failures="0">
  </testsuite>
  <testsuite name="Tasks page" timestamp="2022-03-27T03:00:20" tests="1" time="2.2250" failures="0">
    <testcase name="Tasks page Verify that the user is able to add a new task (example #1)" time="2.1880" classname="Verify that the user is able to add a new task (example #1)">
    </testcase>
  </testsuite>
</testsuites>